# JRE version: Java(TM) SE Runtime Environment (17.0.8+9) (build 17.0.8+9-LTS-211)
# Java VM: Java HotSpot(TM) 64-Bit Server VM (17.0.8+9-LTS-211, mixed mode, sharing, tiered, compressed oops, compressed class ptrs, g1 gc, windows-amd64)
GC Precious Log:
 CPUs: 12 total, 12 available
 Memory: 5996M
 Large Page Support: Disabled
 NUMA Support: Disabled
 Compressed Oops: Enabled (32-bit)
 Heap Region Size: 1M
 Heap Min Capacity: 8M
 Heap Initial Capacity: 94M
 Heap Max Capacity: 1500M
 Pre-touch: Disabled
 Parallel Workers: 10
 Concurrent Workers: 3
 Concurrent Refinement Workers: 10
 Periodic GC: Disabled
Heap:
 garbage-first heap   total 115712K, used 57691K [0x00000000a2400000, 0x0000000100000000)
  region size 1024K, 1 young (1024K), 1 survivors (1024K)
 Metaspace       used 31869K, committed 32256K, reserved 1114112K
  class space    used 3562K, committed 3776K, reserved 1048576K
GC Heap History (20 events):
Event: 7.578 GC heap after
{Heap after GC invocations=10 (full 0):
 garbage-first heap   total 81920K, used 43181K [0x00000000a2400000, 0x0000000100000000)
  region size 1024K, 2 young (2048K), 2 survivors (2048K)
 Metaspace       used 26803K, committed 27136K, reserved 1114112K
  class space    used 3050K, committed 3200K, reserved 1048576K
}
Event: 7.876 GC heap before
{Heap before GC invocations=11 (full 0):
 garbage-first heap   total 81920K, used 58541K [0x00000000a2400000, 0x0000000100000000)
  region size 1024K, 16 young (16384K), 2 survivors (2048K)
 Metaspace       used 27543K, committed 27904K, reserved 1114112K
  class space    used 3110K, committed 3328K, reserved 1048576K
}
Event: 7.882 GC heap after
{Heap after GC invocations=12 (full 0):
 garbage-first heap   total 81920K, used 45838K [0x00000000a2400000, 0x0000000100000000)
  region size 1024K, 2 young (2048K), 2 survivors (2048K)
 Metaspace       used 27543K, committed 27904K, reserved 1114112K
  class space    used 3110K, committed 3328K, reserved 1048576K
}
Event: 8.191 GC heap before
{Heap before GC invocations=12 (full 0):
 garbage-first heap   total 81920K, used 59150K [0x00000000a2400000, 0x0000000100000000)
  region size 1024K, 16 young (16384K), 2 survivors (2048K)
 Metaspace       used 28131K, committed 28480K, reserved 1114112K
  class space    used 3187K, committed 3392K, reserved 1048576K
}
Event: 8.195 GC heap after
{Heap after GC invocations=13 (full 0):
 garbage-first heap   total 105472K, used 46511K [0x00000000a2400000, 0x0000000100000000)
  region size 1024K, 1 young (1024K), 1 survivors (1024K)
 Metaspace       used 28131K, committed 28480K, reserved 1114112K
  class space    used 3187K, committed 3392K, reserved 1048576K
}
Event: 8.631 GC heap before
{Heap before GC invocations=14 (full 0):
 garbage-first heap   total 105472K, used 73135K [0x00000000a2400000, 0x0000000100000000)
  region size 1024K, 27 young (27648K), 1 survivors (1024K)
 Metaspace       used 29277K, committed 29632K, reserved 1114112K
  class space    used 3312K, committed 3520K, reserved 1048576K
}
Event: 8.634 GC heap after
{Heap after GC invocations=15 (full 0):
 garbage-first heap   total 105472K, used 46933K [0x00000000a2400000, 0x0000000100000000)
  region size 1024K, 1 young (1024K), 1 survivors (1024K)
 Metaspace       used 29277K, committed 29632K, reserved 1114112K
  class space    used 3312K, committed 3520K, reserved 1048576K
}
Event: 8.784 GC heap before
{Heap before GC invocations=15 (full 0):
 garbage-first heap   total 105472K, used 75605K [0x00000000a2400000, 0x0000000100000000)
  region size 1024K, 29 young (29696K), 1 survivors (1024K)
 Metaspace       used 29639K, committed 30016K, reserved 1114112K
  class space    used 3334K, committed 3520K, reserved 1048576K
}
Event: 8.792 GC heap after
{Heap after GC invocations=16 (full 0):
 garbage-first heap   total 105472K, used 47737K [0x00000000a2400000, 0x0000000100000000)
  region size 1024K, 2 young (2048K), 2 survivors (2048K)
 Metaspace       used 29639K, committed 30016K, reserved 1114112K
  class space    used 3334K, committed 3520K, reserved 1048576K
}
Event: 8.998 GC heap before
{Heap before GC invocations=16 (full 0):
 garbage-first heap   total 105472K, used 77433K [0x00000000a2400000, 0x0000000100000000)
  region size 1024K, 31 young (31744K), 2 survivors (2048K)
 Metaspace       used 30276K, committed 30656K, reserved 1114112K
  class space    used 3397K, committed 3584K, reserved 1048576K
}
Event: 9.005 GC heap after
{Heap after GC invocations=17 (full 0):
 garbage-first heap   total 105472K, used 47906K [0x00000000a2400000, 0x0000000100000000)
  region size 1024K, 2 young (2048K), 2 survivors (2048K)
 Metaspace       used 30276K, committed 30656K, reserved 1114112K
  class space    used 3397K, committed 3584K, reserved 1048576K
}
Event: 9.499 GC heap before
{Heap before GC invocations=17 (full 0):
 garbage-first heap   total 105472K, used 59170K [0x00000000a2400000, 0x0000000100000000)
  region size 1024K, 14 young (14336K), 2 survivors (2048K)
 Metaspace       used 31300K, committed 31680K, reserved 1114112K
  class space    used 3525K, committed 3712K, reserved 1048576K
}
Event: 9.505 GC heap after
{Heap after GC invocations=18 (full 0):
 garbage-first heap   total 105472K, used 49219K [0x00000000a2400000, 0x0000000100000000)
  region size 1024K, 4 young (4096K), 4 survivors (4096K)
 Metaspace       used 31300K, committed 31680K, reserved 1114112K
  class space    used 3525K, committed 3712K, reserved 1048576K
}
Event: 19.173 GC heap before
{Heap before GC invocations=18 (full 0):
 garbage-first heap   total 105472K, used 68675K [0x00000000a2400000, 0x0000000100000000)
  region size 1024K, 22 young (22528K), 4 survivors (4096K)
 Metaspace       used 31808K, committed 32256K, reserved 1114112K
  class space    used 3561K, committed 3776K, reserved 1048576K
}
Event: 19.184 GC heap after
{Heap after GC invocations=19 (full 0):
 garbage-first heap   total 105472K, used 50381K [0x00000000a2400000, 0x0000000100000000)
  region size 1024K, 4 young (4096K), 4 survivors (4096K)
 Metaspace       used 31808K, committed 32256K, reserved 1114112K
  class space    used 3561K, committed 3776K, reserved 1048576K
}
Event: 19.224 GC heap before
{Heap before GC invocations=19 (full 0):
 garbage-first heap   total 105472K, used 57549K [0x00000000a2400000, 0x0000000100000000)
  region size 1024K, 10 young (10240K), 4 survivors (4096K)
 Metaspace       used 31813K, committed 32256K, reserved 1114112K
  class space    used 3561K, committed 3776K, reserved 1048576K
}
Event: 19.231 GC heap after
{Heap after GC invocations=20 (full 0):
 garbage-first heap   total 105472K, used 56249K [0x00000000a2400000, 0x0000000100000000)
  region size 1024K, 5 young (5120K), 5 survivors (5120K)
 Metaspace       used 31813K, committed 32256K, reserved 1114112K
  class space    used 3561K, committed 3776K, reserved 1048576K
}
Event: 19.476 GC heap before
{Heap before GC invocations=21 (full 0):
 garbage-first heap   total 105472K, used 72934K [0x00000000a2400000, 0x0000000100000000)
  region size 1024K, 21 young (21504K), 5 survivors (5120K)
 Metaspace       used 31869K, committed 32256K, reserved 1114112K
  class space    used 3562K, committed 3776K, reserved 1048576K
}
Event: 19.489 GC heap after
{Heap after GC invocations=22 (full 0):
 garbage-first heap   total 105472K, used 65232K [0x00000000a2400000, 0x0000000100000000)
  region size 1024K, 3 young (3072K), 3 survivors (3072K)
 Metaspace       used 31869K, committed 32256K, reserved 1114112K
  class space    used 3562K, committed 3776K, reserved 1048576K
}
Event: 19.492 GC heap before
{Heap before GC invocations=22 (full 0):
 garbage-first heap   total 105472K, used 67280K [0x00000000a2400000, 0x0000000100000000)
  region size 1024K, 5 young (5120K), 3 survivors (3072K)
 Metaspace       used 31869K, committed 32256K, reserved 1114112K
  class space    used 3562K, committed 3776K, reserved 1048576K
}

