# JRE version: Java(TM) SE Runtime Environment (17.0.8+9) (build 17.0.8+9-LTS-211)
# Java VM: Java HotSpot(TM) 64-Bit Server VM (17.0.8+9-LTS-211, mixed mode, sharing, tiered, compressed oops, compressed class ptrs, g1 gc, windows-amd64)
GC Precious Log:
 CPUs: 12 total, 12 available
 Memory: 5996M
 Large Page Support: Disabled
 NUMA Support: Disabled
 Compressed Oops: Enabled (32-bit)
 Heap Region Size: 1M
 Heap Min Capacity: 8M
 Heap Initial Capacity: 94M
 Heap Max Capacity: 1500M
 Pre-touch: Disabled
 Parallel Workers: 10
 Concurrent Workers: 3
 Concurrent Refinement Workers: 10
 Periodic GC: Disabled
Heap:
 garbage-first heap   total 73728K, used 45615K [0x00000000a2400000, 0x0000000100000000)
  region size 1024K, 13 young (13312K), 3 survivors (3072K)
 Metaspace       used 69098K, committed 69632K, reserved 1114112K
  class space    used 9377K, committed 9600K, reserved 1048576K
GC Heap History (20 events):
Event: 10.489 GC heap before
{Heap before GC invocations=14 (full 0):
 garbage-first heap   total 58368K, used 46209K [0x00000000a2400000, 0x0000000100000000)
  region size 1024K, 22 young (22528K), 2 survivors (2048K)
 Metaspace       used 57102K, committed 57600K, reserved 1114112K
  class space    used 7643K, committed 7872K, reserved 1048576K
}
Event: 10.490 GC heap after
{Heap after GC invocations=15 (full 0):
 garbage-first heap   total 58368K, used 26370K [0x00000000a2400000, 0x0000000100000000)
  region size 1024K, 2 young (2048K), 2 survivors (2048K)
 Metaspace       used 57102K, committed 57600K, reserved 1114112K
  class space    used 7643K, committed 7872K, reserved 1048576K
}
Event: 10.765 GC heap before
{Heap before GC invocations=15 (full 0):
 garbage-first heap   total 58368K, used 40706K [0x00000000a2400000, 0x0000000100000000)
  region size 1024K, 18 young (18432K), 2 survivors (2048K)
 Metaspace       used 59699K, committed 60160K, reserved 1114112K
  class space    used 7932K, committed 8128K, reserved 1048576K
}
Event: 10.770 GC heap after
{Heap after GC invocations=16 (full 0):
 garbage-first heap   total 58368K, used 27508K [0x00000000a2400000, 0x0000000100000000)
  region size 1024K, 3 young (3072K), 3 survivors (3072K)
 Metaspace       used 59699K, committed 60160K, reserved 1114112K
  class space    used 7932K, committed 8128K, reserved 1048576K
}
Event: 11.003 GC heap before
{Heap before GC invocations=17 (full 0):
 garbage-first heap   total 58368K, used 45940K [0x00000000a2400000, 0x0000000100000000)
  region size 1024K, 21 young (21504K), 3 survivors (3072K)
 Metaspace       used 60867K, committed 61376K, reserved 1114112K
  class space    used 8190K, committed 8384K, reserved 1048576K
}
Event: 11.006 GC heap after
{Heap after GC invocations=18 (full 0):
 garbage-first heap   total 58368K, used 28229K [0x00000000a2400000, 0x0000000100000000)
  region size 1024K, 2 young (2048K), 2 survivors (2048K)
 Metaspace       used 60867K, committed 61376K, reserved 1114112K
  class space    used 8190K, committed 8384K, reserved 1048576K
}
Event: 11.170 GC heap before
{Heap before GC invocations=18 (full 0):
 garbage-first heap   total 58368K, used 46661K [0x00000000a2400000, 0x0000000100000000)
  region size 1024K, 20 young (20480K), 2 survivors (2048K)
 Metaspace       used 61508K, committed 62016K, reserved 1114112K
  class space    used 8268K, committed 8512K, reserved 1048576K
}
Event: 11.173 GC heap after
{Heap after GC invocations=19 (full 0):
 garbage-first heap   total 58368K, used 29057K [0x00000000a2400000, 0x0000000100000000)
  region size 1024K, 2 young (2048K), 2 survivors (2048K)
 Metaspace       used 61508K, committed 62016K, reserved 1114112K
  class space    used 8268K, committed 8512K, reserved 1048576K
}
Event: 11.353 GC heap before
{Heap before GC invocations=20 (full 0):
 garbage-first heap   total 58368K, used 47489K [0x00000000a2400000, 0x0000000100000000)
  region size 1024K, 20 young (20480K), 2 survivors (2048K)
 Metaspace       used 62043K, committed 62592K, reserved 1114112K
  class space    used 8342K, committed 8640K, reserved 1048576K
}
Event: 11.355 GC heap after
{Heap after GC invocations=21 (full 0):
 garbage-first heap   total 58368K, used 29598K [0x00000000a2400000, 0x0000000100000000)
  region size 1024K, 3 young (3072K), 3 survivors (3072K)
 Metaspace       used 62043K, committed 62592K, reserved 1114112K
  class space    used 8342K, committed 8640K, reserved 1048576K
}
Event: 11.603 GC heap before
{Heap before GC invocations=21 (full 0):
 garbage-first heap   total 58368K, used 47006K [0x00000000a2400000, 0x0000000100000000)
  region size 1024K, 20 young (20480K), 3 survivors (3072K)
 Metaspace       used 63440K, committed 64000K, reserved 1114112K
  class space    used 8549K, committed 8832K, reserved 1048576K
}
Event: 11.606 GC heap after
{Heap after GC invocations=22 (full 0):
 garbage-first heap   total 58368K, used 30986K [0x00000000a2400000, 0x0000000100000000)
  region size 1024K, 3 young (3072K), 3 survivors (3072K)
 Metaspace       used 63440K, committed 64000K, reserved 1114112K
  class space    used 8549K, committed 8832K, reserved 1048576K
}
Event: 11.905 GC heap before
{Heap before GC invocations=23 (full 0):
 garbage-first heap   total 58368K, used 47370K [0x00000000a2400000, 0x0000000100000000)
  region size 1024K, 19 young (19456K), 3 survivors (3072K)
 Metaspace       used 64866K, committed 65408K, reserved 1114112K
  class space    used 8795K, committed 9088K, reserved 1048576K
}
Event: 11.908 GC heap after
{Heap after GC invocations=24 (full 0):
 garbage-first heap   total 58368K, used 32440K [0x00000000a2400000, 0x0000000100000000)
  region size 1024K, 3 young (3072K), 3 survivors (3072K)
 Metaspace       used 64866K, committed 65408K, reserved 1114112K
  class space    used 8795K, committed 9088K, reserved 1048576K
}
Event: 12.232 GC heap before
{Heap before GC invocations=24 (full 0):
 garbage-first heap   total 58368K, used 46776K [0x00000000a2400000, 0x0000000100000000)
  region size 1024K, 17 young (17408K), 3 survivors (3072K)
 Metaspace       used 66260K, committed 66816K, reserved 1114112K
  class space    used 8985K, committed 9280K, reserved 1048576K
}
Event: 12.234 GC heap after
{Heap after GC invocations=25 (full 0):
 garbage-first heap   total 58368K, used 33605K [0x00000000a2400000, 0x0000000100000000)
  region size 1024K, 2 young (2048K), 2 survivors (2048K)
 Metaspace       used 66260K, committed 66816K, reserved 1114112K
  class space    used 8985K, committed 9280K, reserved 1048576K
}
Event: 12.507 GC heap before
{Heap before GC invocations=26 (full 0):
 garbage-first heap   total 61440K, used 46917K [0x00000000a2400000, 0x0000000100000000)
  region size 1024K, 15 young (15360K), 2 survivors (2048K)
 Metaspace       used 67429K, committed 67968K, reserved 1114112K
  class space    used 9150K, committed 9408K, reserved 1048576K
}
Event: 12.509 GC heap after
{Heap after GC invocations=27 (full 0):
 garbage-first heap   total 61440K, used 34535K [0x00000000a2400000, 0x0000000100000000)
  region size 1024K, 2 young (2048K), 2 survivors (2048K)
 Metaspace       used 67429K, committed 67968K, reserved 1114112K
  class space    used 9150K, committed 9408K, reserved 1048576K
}
Event: 12.753 GC heap before
{Heap before GC invocations=27 (full 0):
 garbage-first heap   total 61440K, used 49895K [0x00000000a2400000, 0x0000000100000000)
  region size 1024K, 17 young (17408K), 2 survivors (2048K)
 Metaspace       used 68311K, committed 68928K, reserved 1114112K
  class space    used 9265K, committed 9536K, reserved 1048576K
}
Event: 12.757 GC heap after
{Heap after GC invocations=28 (full 0):
 garbage-first heap   total 73728K, used 36399K [0x00000000a2400000, 0x0000000100000000)
  region size 1024K, 3 young (3072K), 3 survivors (3072K)
 Metaspace       used 68311K, committed 68928K, reserved 1114112K
  class space    used 9265K, committed 9536K, reserved 1048576K
}

